<?xml version="1.0" encoding="UTF-8"?>
<testng-results skipped="0" failed="0" ignored="0" total="1" passed="1">
  <reporter-output>
  </reporter-output>
  <suite name="Default suite" duration-ms="530" started-at="2019-01-25T17:48:33Z" finished-at="2019-01-25T17:48:34Z">
    <groups>
    </groups>
    <test name="Default test" duration-ms="530" started-at="2019-01-25T17:48:33Z" finished-at="2019-01-25T17:48:34Z">
      <class name="e_convertingandparsingjson_JACKSON_OBJECTMAPPER.ConvertingJavaObjectToJsonObject_Marshalling">
        <test-method status="PASS" signature="javaobject2jsonobject()[pri:0, instance:e_convertingandparsingjson_JACKSON_OBJECTMAPPER.ConvertingJavaObjectToJsonObject_Marshalling@1057a39]" name="javaobject2jsonobject" duration-ms="472" started-at="2019-01-25T17:48:33Z" finished-at="2019-01-25T17:48:34Z">
          <reporter-output>
          </reporter-output>
        </test-method> <!-- javaobject2jsonobject -->
      </class> <!-- e_convertingandparsingjson_JACKSON_OBJECTMAPPER.ConvertingJavaObjectToJsonObject_Marshalling -->
    </test> <!-- Default test -->
  </suite> <!-- Default suite -->
</testng-results>
