<?xml version="1.0" encoding="UTF-8"?>
<testng-results skipped="0" failed="0" ignored="0" total="1" passed="1">
  <reporter-output>
  </reporter-output>
  <suite name="Default suite" duration-ms="900" started-at="2019-01-24T19:27:47Z" finished-at="2019-01-24T19:27:48Z">
    <groups>
    </groups>
    <test name="Default test" duration-ms="900" started-at="2019-01-24T19:27:47Z" finished-at="2019-01-24T19:27:48Z">
      <class name="e_convertingandparsingjson_JACKSON_OBJECTMAPPER.ConvertingJsonObjectToJavaObject_Unmarshalling">
        <test-method status="PASS" signature="jsonobject2javaobject()[pri:0, instance:e_convertingandparsingjson_JACKSON_OBJECTMAPPER.ConvertingJsonObjectToJavaObject_Unmarshalling@1057a39]" name="jsonobject2javaobject" duration-ms="832" started-at="2019-01-24T19:27:47Z" finished-at="2019-01-24T19:27:48Z">
          <reporter-output>
          </reporter-output>
        </test-method> <!-- jsonobject2javaobject -->
      </class> <!-- e_convertingandparsingjson_JACKSON_OBJECTMAPPER.ConvertingJsonObjectToJavaObject_Unmarshalling -->
    </test> <!-- Default test -->
  </suite> <!-- Default suite -->
</testng-results>
